Event backend in use: epoll

Loading preload files ...
/adm/daemons/securityd...
/adm/daemons/dd...
/adm/daemons/band...
/adm/daemons/virtuald...
/adm/daemons/logind...
/adm/daemons/cmd_d...
/adm/daemons/chinesed...
/adm/daemons/convertd...
/adm/daemons/emoted...
/adm/daemons/aliasd...
/adm/daemons/fingerd...
/adm/daemons/channeld...
/adm/daemons/monitord...
/adm/daemons/natured...
/adm/daemons/network/dns_master...
/adm/daemons/ftpd...
/adm/daemons/weapond...
/adm/daemons/rankd...
/adm/daemons/combatd...
/adm/daemons/miscd...
/adm/daemons/spelld...
/adm/daemons/obstacled...
/adm/daemons/storyd...
/adm/daemons/msgd...
/adm/daemons/autosaved...
/adm/daemons/cron...
/d/death/npc/yuzu...
/d/qujing/wuzhuang/anshi...
/d/death/zhengtang...
/d/fenghuang/zhengting...
/d/jjf/keting...
/d/lingtai/jingtang...
/d/moon/change_room...
/d/nanhai/shuyuan...
/d/pansi/pubu...
/d/qujing/jilei/dating...
/d/qujing/wudidong/inner-tang...
/d/qujing/wuzhuang/chengyun...
/d/qujing/xuanyuan/dadian...
/d/sea/inside3...
/d/shushan/shangqing...
/d/wusheng/room1...
/d/xueshan/wuchang-e...
/d/xuyi/dadian...
Accepting connections on 0.0.0.0:6666.
Initializations complete.

Bad argument 1 to file_name()
Expected: object Got: 0.
program: /adm/daemons/questd.c, object: /adm/daemons/questd, file: /adm/daemons/questd.c:248
--- trace ---
Object: /adm/daemons/cron, Program: /adm/daemons/cron.c
   in init_cron() at /adm/daemons/cron.c:41
arguments were ()
locals were: ({ /* sizeof() == 11 */
  2,
  59,
  20,
  15,
  11,
  2016,
  4,
  349,
  0,
  "UTC",
  0
})
Object: /adm/daemons/cron, Program: /adm/daemons/cron.c
   in emery() at /adm/daemons/cron.c:92
arguments were ()
locals were: 0,/d/obj/npc/emery#154323,({ }),/d/huanggong/npc/dachen2,2,1,0,1,({ /* sizeof() == 4 */
  "/d/gao/",
  "/d/jz/",
  "/d/changan/",
  "/d/eastway/"
})
'     query_city' in '/adm/daemons/questd.c' ('/  adm/daemons/questd') /adm/daemons/questd.c:248
arguments were (0)
locals were: 0,0,0
--- end trace ---
